running egg_info
creating ../../build/pick_place/pick_place.egg-info
writing ../../build/pick_place/pick_place.egg-info/PKG-INFO
writing dependency_links to ../../build/pick_place/pick_place.egg-info/dependency_links.txt
writing entry points to ../../build/pick_place/pick_place.egg-info/entry_points.txt
writing requirements to ../../build/pick_place/pick_place.egg-info/requires.txt
writing top-level names to ../../build/pick_place/pick_place.egg-info/top_level.txt
writing manifest file '../../build/pick_place/pick_place.egg-info/SOURCES.txt'
reading manifest file '../../build/pick_place/pick_place.egg-info/SOURCES.txt'
writing manifest file '../../build/pick_place/pick_place.egg-info/SOURCES.txt'
running build
running build_py
creating /root/workspaces/pick-and-place-conveyor/ros2_ws/build/pick_place/build
creating /root/workspaces/pick-and-place-conveyor/ros2_ws/build/pick_place/build/lib
creating /root/workspaces/pick-and-place-conveyor/ros2_ws/build/pick_place/build/lib/pick_place
copying pick_place/__init__.py -> /root/workspaces/pick-and-place-conveyor/ros2_ws/build/pick_place/build/lib/pick_place
running install
running install_lib
creating /root/workspaces/pick-and-place-conveyor/ros2_ws/install/pick_place/lib/python3.12/site-packages/pick_place
copying /root/workspaces/pick-and-place-conveyor/ros2_ws/build/pick_place/build/lib/pick_place/__init__.py -> /root/workspaces/pick-and-place-conveyor/ros2_ws/install/pick_place/lib/python3.12/site-packages/pick_place
byte-compiling /root/workspaces/pick-and-place-conveyor/ros2_ws/install/pick_place/lib/python3.12/site-packages/pick_place/__init__.py to __init__.cpython-312.pyc
running install_data
creating /root/workspaces/pick-and-place-conveyor/ros2_ws/install/pick_place/share/ament_index
creating /root/workspaces/pick-and-place-conveyor/ros2_ws/install/pick_place/share/ament_index/resource_index
creating /root/workspaces/pick-and-place-conveyor/ros2_ws/install/pick_place/share/ament_index/resource_index/packages
copying resource/pick_place -> /root/workspaces/pick-and-place-conveyor/ros2_ws/install/pick_place/share/ament_index/resource_index/packages
copying package.xml -> /root/workspaces/pick-and-place-conveyor/ros2_ws/install/pick_place/share/pick_place
running install_egg_info
Copying ../../build/pick_place/pick_place.egg-info to /root/workspaces/pick-and-place-conveyor/ros2_ws/install/pick_place/lib/python3.12/site-packages/pick_place-0.0.0-py3.12.egg-info
running install_scripts
Installing pick_place script to /root/workspaces/pick-and-place-conveyor/ros2_ws/install/pick_place/lib/pick_place
writing list of installed files to '/root/workspaces/pick-and-place-conveyor/ros2_ws/build/pick_place/install.log'
