[1.925s] Invoking command in '/root/workspaces/pick-and-place-conveyor/ros2_ws/src/pick_place': PS1=\[\033[01;35m\]kinova\[\033[00m\]:\[\033[01;34m\]\w\[\033[00m\]\$ PYTHONPATH=/root/workspaces/pick-and-place-conveyor/ros2_ws/build/pick_place/prefix_override:/usr/lib/python3/dist-packages/colcon_core/task/python/colcon_distutils_commands:/root/workspaces/pick-and-place-conveyor/ros2_ws/install/pick_place/lib/python3.12/site-packages:${PYTHONPATH} VIRTUAL_ENV_PROMPT=(ros_python) /usr/bin/python3 -W ignore:setup.py install is deprecated -W ignore:easy_install command is deprecated setup.py egg_info --egg-base ../../build/pick_place build --build-base /root/workspaces/pick-and-place-conveyor/ros2_ws/build/pick_place/build install --record /root/workspaces/pick-and-place-conveyor/ros2_ws/build/pick_place/install.log --single-version-externally-managed install_data
[2.358s] running egg_info
[2.358s] creating ../../build/pick_place/pick_place.egg-info
[2.398s] writing ../../build/pick_place/pick_place.egg-info/PKG-INFO
[2.399s] writing dependency_links to ../../build/pick_place/pick_place.egg-info/dependency_links.txt
[2.400s] writing entry points to ../../build/pick_place/pick_place.egg-info/entry_points.txt
[2.400s] writing requirements to ../../build/pick_place/pick_place.egg-info/requires.txt
[2.401s] writing top-level names to ../../build/pick_place/pick_place.egg-info/top_level.txt
[2.402s] writing manifest file '../../build/pick_place/pick_place.egg-info/SOURCES.txt'
[2.486s] reading manifest file '../../build/pick_place/pick_place.egg-info/SOURCES.txt'
[2.487s] writing manifest file '../../build/pick_place/pick_place.egg-info/SOURCES.txt'
[2.487s] running build
[2.487s] running build_py
[2.489s] creating /root/workspaces/pick-and-place-conveyor/ros2_ws/build/pick_place/build
[2.489s] creating /root/workspaces/pick-and-place-conveyor/ros2_ws/build/pick_place/build/lib
[2.489s] creating /root/workspaces/pick-and-place-conveyor/ros2_ws/build/pick_place/build/lib/pick_place
[2.489s] copying pick_place/__init__.py -> /root/workspaces/pick-and-place-conveyor/ros2_ws/build/pick_place/build/lib/pick_place
[2.490s] running install
[2.496s] running install_lib
[2.545s] creating /root/workspaces/pick-and-place-conveyor/ros2_ws/install/pick_place/lib/python3.12/site-packages/pick_place
[2.548s] copying /root/workspaces/pick-and-place-conveyor/ros2_ws/build/pick_place/build/lib/pick_place/__init__.py -> /root/workspaces/pick-and-place-conveyor/ros2_ws/install/pick_place/lib/python3.12/site-packages/pick_place
[2.548s] byte-compiling /root/workspaces/pick-and-place-conveyor/ros2_ws/install/pick_place/lib/python3.12/site-packages/pick_place/__init__.py to __init__.cpython-312.pyc
[2.548s] running install_data
[2.549s] creating /root/workspaces/pick-and-place-conveyor/ros2_ws/install/pick_place/share/ament_index
[2.549s] creating /root/workspaces/pick-and-place-conveyor/ros2_ws/install/pick_place/share/ament_index/resource_index
[2.549s] creating /root/workspaces/pick-and-place-conveyor/ros2_ws/install/pick_place/share/ament_index/resource_index/packages
[2.549s] copying resource/pick_place -> /root/workspaces/pick-and-place-conveyor/ros2_ws/install/pick_place/share/ament_index/resource_index/packages
[2.549s] copying package.xml -> /root/workspaces/pick-and-place-conveyor/ros2_ws/install/pick_place/share/pick_place
[2.549s] running install_egg_info
[2.581s] Copying ../../build/pick_place/pick_place.egg-info to /root/workspaces/pick-and-place-conveyor/ros2_ws/install/pick_place/lib/python3.12/site-packages/pick_place-0.0.0-py3.12.egg-info
[2.582s] running install_scripts
[2.789s] Installing pick_place script to /root/workspaces/pick-and-place-conveyor/ros2_ws/install/pick_place/lib/pick_place
[2.791s] writing list of installed files to '/root/workspaces/pick-and-place-conveyor/ros2_ws/build/pick_place/install.log'
[2.835s] Invoked command in '/root/workspaces/pick-and-place-conveyor/ros2_ws/src/pick_place' returned '0': PS1=\[\033[01;35m\]kinova\[\033[00m\]:\[\033[01;34m\]\w\[\033[00m\]\$ PYTHONPATH=/root/workspaces/pick-and-place-conveyor/ros2_ws/build/pick_place/prefix_override:/usr/lib/python3/dist-packages/colcon_core/task/python/colcon_distutils_commands:/root/workspaces/pick-and-place-conveyor/ros2_ws/install/pick_place/lib/python3.12/site-packages:${PYTHONPATH} VIRTUAL_ENV_PROMPT=(ros_python) /usr/bin/python3 -W ignore:setup.py install is deprecated -W ignore:easy_install command is deprecated setup.py egg_info --egg-base ../../build/pick_place build --build-base /root/workspaces/pick-and-place-conveyor/ros2_ws/build/pick_place/build install --record /root/workspaces/pick-and-place-conveyor/ros2_ws/build/pick_place/install.log --single-version-externally-managed install_data
