[1.762s] Invoking command in '/root/workspaces/pick-and-place-conveyor/ros2_ws/src/pick_place': PS1=\[\033[01;35m\]kinova\[\033[00m\]:\[\033[01;34m\]\w\[\033[00m\]\$ PYTHONPATH=/root/workspaces/pick-and-place-conveyor/ros2_ws/build/pick_place/prefix_override:/usr/lib/python3/dist-packages/colcon_core/task/python/colcon_distutils_commands:/root/workspaces/pick-and-place-conveyor/ros2_ws/install/pick_place/lib/python3.12/site-packages:${PYTHONPATH} VIRTUAL_ENV_PROMPT=(ros_python) /usr/bin/python3 -W ignore:setup.py install is deprecated -W ignore:easy_install command is deprecated setup.py egg_info --egg-base ../../build/pick_place build --build-base /root/workspaces/pick-and-place-conveyor/ros2_ws/build/pick_place/build install --record /root/workspaces/pick-and-place-conveyor/ros2_ws/build/pick_place/install.log --single-version-externally-managed install_data
[2.259s] running egg_info
[2.312s] writing ../../build/pick_place/pick_place.egg-info/PKG-INFO
[2.315s] writing dependency_links to ../../build/pick_place/pick_place.egg-info/dependency_links.txt
[2.316s] writing entry points to ../../build/pick_place/pick_place.egg-info/entry_points.txt
[2.317s] writing requirements to ../../build/pick_place/pick_place.egg-info/requires.txt
[2.318s] writing top-level names to ../../build/pick_place/pick_place.egg-info/top_level.txt
[2.380s] reading manifest file '../../build/pick_place/pick_place.egg-info/SOURCES.txt'
[2.382s] writing manifest file '../../build/pick_place/pick_place.egg-info/SOURCES.txt'
[2.383s] running build
[2.384s] running build_py
[2.385s] copying pick_place/scripts/pick_place.py -> /root/workspaces/pick-and-place-conveyor/ros2_ws/build/pick_place/build/lib/pick_place/scripts
[2.388s] running install
[2.396s] running install_lib
[2.428s] copying /root/workspaces/pick-and-place-conveyor/ros2_ws/build/pick_place/build/lib/pick_place/scripts/pick_place.py -> /root/workspaces/pick-and-place-conveyor/ros2_ws/install/pick_place/lib/python3.12/site-packages/pick_place/scripts
[2.429s] byte-compiling /root/workspaces/pick-and-place-conveyor/ros2_ws/install/pick_place/lib/python3.12/site-packages/pick_place/scripts/pick_place.py to pick_place.cpython-312.pyc
[2.433s] running install_data
[2.433s] running install_egg_info
[2.465s] removing '/root/workspaces/pick-and-place-conveyor/ros2_ws/install/pick_place/lib/python3.12/site-packages/pick_place-0.0.0-py3.12.egg-info' (and everything under it)
[2.467s] Copying ../../build/pick_place/pick_place.egg-info to /root/workspaces/pick-and-place-conveyor/ros2_ws/install/pick_place/lib/python3.12/site-packages/pick_place-0.0.0-py3.12.egg-info
[2.468s] running install_scripts
[2.697s] Installing pick_place script to /root/workspaces/pick-and-place-conveyor/ros2_ws/install/pick_place/lib/pick_place
[2.700s] writing list of installed files to '/root/workspaces/pick-and-place-conveyor/ros2_ws/build/pick_place/install.log'
[2.736s] Invoked command in '/root/workspaces/pick-and-place-conveyor/ros2_ws/src/pick_place' returned '0': PS1=\[\033[01;35m\]kinova\[\033[00m\]:\[\033[01;34m\]\w\[\033[00m\]\$ PYTHONPATH=/root/workspaces/pick-and-place-conveyor/ros2_ws/build/pick_place/prefix_override:/usr/lib/python3/dist-packages/colcon_core/task/python/colcon_distutils_commands:/root/workspaces/pick-and-place-conveyor/ros2_ws/install/pick_place/lib/python3.12/site-packages:${PYTHONPATH} VIRTUAL_ENV_PROMPT=(ros_python) /usr/bin/python3 -W ignore:setup.py install is deprecated -W ignore:easy_install command is deprecated setup.py egg_info --egg-base ../../build/pick_place build --build-base /root/workspaces/pick-and-place-conveyor/ros2_ws/build/pick_place/build install --record /root/workspaces/pick-and-place-conveyor/ros2_ws/build/pick_place/install.log --single-version-externally-managed install_data
