[1.475s] Invoking command in '/root/workspaces/pick-and-place-conveyor/ros2_ws/src/pick_place': PS1=\[\033[01;35m\]kinova\[\033[00m\]:\[\033[01;34m\]\w\[\033[00m\]\$ PYTHONPATH=/root/workspaces/pick-and-place-conveyor/ros2_ws/build/pick_place/prefix_override:/usr/lib/python3/dist-packages/colcon_core/task/python/colcon_distutils_commands:/root/workspaces/pick-and-place-conveyor/ros2_ws/install/pick_place/lib/python3.12/site-packages:${PYTHONPATH} VIRTUAL_ENV_PROMPT=(ros_python) /usr/bin/python3 -W ignore:setup.py install is deprecated -W ignore:easy_install command is deprecated setup.py egg_info --egg-base ../../build/pick_place build --build-base /root/workspaces/pick-and-place-conveyor/ros2_ws/build/pick_place/build install --record /root/workspaces/pick-and-place-conveyor/ros2_ws/build/pick_place/install.log --single-version-externally-managed install_data
[1.960s] running egg_info
[1.993s] writing ../../build/pick_place/pick_place.egg-info/PKG-INFO
[1.997s] writing dependency_links to ../../build/pick_place/pick_place.egg-info/dependency_links.txt
[1.999s] writing entry points to ../../build/pick_place/pick_place.egg-info/entry_points.txt
[1.999s] writing requirements to ../../build/pick_place/pick_place.egg-info/requires.txt
[2.002s] writing top-level names to ../../build/pick_place/pick_place.egg-info/top_level.txt
[2.059s] reading manifest file '../../build/pick_place/pick_place.egg-info/SOURCES.txt'
[2.061s] writing manifest file '../../build/pick_place/pick_place.egg-info/SOURCES.txt'
[2.061s] running build
[2.061s] running build_py
[2.061s] copying pick_place/scripts/pick_place.py -> /root/workspaces/pick-and-place-conveyor/ros2_ws/build/pick_place/build/lib/pick_place/scripts
[2.061s] running install
[2.069s] running install_lib
[2.094s] copying /root/workspaces/pick-and-place-conveyor/ros2_ws/build/pick_place/build/lib/pick_place/scripts/pick_place.py -> /root/workspaces/pick-and-place-conveyor/ros2_ws/install/pick_place/lib/python3.12/site-packages/pick_place/scripts
[2.094s] byte-compiling /root/workspaces/pick-and-place-conveyor/ros2_ws/install/pick_place/lib/python3.12/site-packages/pick_place/scripts/pick_place.py to pick_place.cpython-312.pyc
[2.097s] running install_data
[2.098s] running install_egg_info
[2.127s] removing '/root/workspaces/pick-and-place-conveyor/ros2_ws/install/pick_place/lib/python3.12/site-packages/pick_place-0.0.0-py3.12.egg-info' (and everything under it)
[2.130s] Copying ../../build/pick_place/pick_place.egg-info to /root/workspaces/pick-and-place-conveyor/ros2_ws/install/pick_place/lib/python3.12/site-packages/pick_place-0.0.0-py3.12.egg-info
[2.130s] running install_scripts
[2.283s] Installing pick_place script to /root/workspaces/pick-and-place-conveyor/ros2_ws/install/pick_place/lib/pick_place
[2.283s] writing list of installed files to '/root/workspaces/pick-and-place-conveyor/ros2_ws/build/pick_place/install.log'
[2.317s] Invoked command in '/root/workspaces/pick-and-place-conveyor/ros2_ws/src/pick_place' returned '0': PS1=\[\033[01;35m\]kinova\[\033[00m\]:\[\033[01;34m\]\w\[\033[00m\]\$ PYTHONPATH=/root/workspaces/pick-and-place-conveyor/ros2_ws/build/pick_place/prefix_override:/usr/lib/python3/dist-packages/colcon_core/task/python/colcon_distutils_commands:/root/workspaces/pick-and-place-conveyor/ros2_ws/install/pick_place/lib/python3.12/site-packages:${PYTHONPATH} VIRTUAL_ENV_PROMPT=(ros_python) /usr/bin/python3 -W ignore:setup.py install is deprecated -W ignore:easy_install command is deprecated setup.py egg_info --egg-base ../../build/pick_place build --build-base /root/workspaces/pick-and-place-conveyor/ros2_ws/build/pick_place/build install --record /root/workspaces/pick-and-place-conveyor/ros2_ws/build/pick_place/install.log --single-version-externally-managed install_data
