running develop
running egg_info
creating pick_place.egg-info
writing pick_place.egg-info/PKG-INFO
writing dependency_links to pick_place.egg-info/dependency_links.txt
writing entry points to pick_place.egg-info/entry_points.txt
writing requirements to pick_place.egg-info/requires.txt
writing top-level names to pick_place.egg-info/top_level.txt
writing manifest file 'pick_place.egg-info/SOURCES.txt'
reading manifest file 'pick_place.egg-info/SOURCES.txt'
writing manifest file 'pick_place.egg-info/SOURCES.txt'
running build_ext
Creating /root/workspaces/pick-and-place-conveyor/ros2_ws/install/pick_place/lib/python3.12/site-packages/pick-place.egg-link (link to .)
Installing pick_place script to /root/workspaces/pick-and-place-conveyor/ros2_ws/install/pick_place/lib/pick_place

Installed /root/workspaces/pick-and-place-conveyor/ros2_ws/build/pick_place
running symlink_data
creating /root/workspaces/pick-and-place-conveyor/ros2_ws/install/pick_place/share/ament_index
creating /root/workspaces/pick-and-place-conveyor/ros2_ws/install/pick_place/share/ament_index/resource_index
creating /root/workspaces/pick-and-place-conveyor/ros2_ws/install/pick_place/share/ament_index/resource_index/packages
symbolically linking /root/workspaces/pick-and-place-conveyor/ros2_ws/build/pick_place/resource/pick_place -> /root/workspaces/pick-and-place-conveyor/ros2_ws/install/pick_place/share/ament_index/resource_index/packages
symbolically linking /root/workspaces/pick-and-place-conveyor/ros2_ws/build/pick_place/package.xml -> /root/workspaces/pick-and-place-conveyor/ros2_ws/install/pick_place/share/pick_place
